C51 COMPILER V9.53.0.0   CE43A02_DAT                                                       01/05/2018 11:11:16 PAGE 1   


C51 COMPILER V9.53.0.0, COMPILATION OF MODULE CE43A02_DAT
OBJECT MODULE PLACED IN ce43a02_dat.obj
COMPILER INVOKED BY: C:\Keil_v5\C51\BIN\C51.EXE source\ce43a02_dat.c LARGE OPTIMIZE(9,SIZE) REGFILE(.\ce43_ex.abs.ORC) B
                    -ROWSE INCDIR(.\) DEBUG OBJECTEXTEND PRINT(.\ce43a02_dat.lst) TABS(2) OBJECT(ce43a02_dat.obj)

line level    source

   1          /****************************************************************************
   2           * This code and information is provided "as is" without warranty of any    *
   3           * kind, either expressed or implied, including but not limited to the      *
   4           * implied warranties of merchantability and/or fitness for a particular    *
   5           * purpose.                                                                 *
   6           *                                                                          *
   7           * Copyright (C) 2008 Maxim Integrated Products Inc.  All Rights Reserved   *
   8           *                                                                          *
   9           ****************************************************************************/
  10          //**************************************************************************
  11          //                                                                          
  12          //  DESCRIPTION: 71M6540 POWER METER - CE Data Image File (8051 C format)             
  13          //                                                                          
  14          //  AUTHOR:  BJW                                                            
  15          //                                                                          
  16          //  HISTORY: May 24 2010
  17          //                                                                          
  18          //**************************************************************************
  19          //                                                                          
  20          // File: ce43a02_dat.c
  21          //                                                                          
  22          // CE Data Image File (8051 C format)
  23          const short code NumCeData=320; // The number of words in the 'CeData' array.
  24          const unsigned char code CeData[]={
  25           0x00,0x00,0x00,0x00, 0x00,0x00,0x00,0x00, 0x00,0x00,0x00,0x00, 0x00,0x00,0x00,0x00,
  26           0x00,0x00,0x00,0x00, 0x00,0x00,0x00,0x00, 0x00,0x00,0x00,0x00, 0x00,0x00,0x00,0x00,
  27           0x00,0x00,0x00,0x00, 0x00,0x00,0x00,0x00, 0x00,0x00,0x00,0x00, 0x00,0x00,0x00,0x00,
  28           0x00,0x00,0x00,0x00, 0xff,0xff,0xff,0xff, 0xff,0xff,0xff,0xff, 0xff,0xff,0xff,0xff,
  29           0x00,0x00,0x40,0x00, 0x00,0x00,0x40,0x00, 0x00,0x00,0x00,0x00, 0x00,0x00,0x40,0x00,
  30           0x00,0x00,0x40,0x00, 0x00,0x00,0x00,0x00, 0x00,0x00,0x40,0x00, 0x00,0x00,0x40,0x00,
  31           0x00,0x00,0x00,0x00, 0x00,0x00,0x40,0x00, 0x00,0x00,0x5b,0x6e, 0x00,0x00,0x00,0x00,
  32           0x00,0x00,0x00,0x00, 0x00,0x00,0x00,0x00, 0x00,0x00,0x00,0x00, 0x00,0x00,0x00,0x00,
  33           0x00,0x30,0xdb,0x00, 0x00,0x00,0x00,0xe3, 0x00,0x00,0x19,0x2c, 0x00,0x00,0x08,0x88,
  34           0x01,0x6d,0x24,0x90, 0x00,0x00,0x00,0x00, 0x00,0x00,0x00,0x00, 0x00,0x00,0x00,0x00,
  35           0x00,0x00,0x00,0x00, 0x00,0x00,0x00,0x00, 0x00,0x00,0x00,0x00, 0x00,0x00,0x00,0x00,
  36           0x00,0x00,0x00,0x00, 0x00,0x00,0x00,0x00, 0x00,0x00,0x00,0x00, 0x00,0x00,0x00,0x00,
  37           0x00,0x00,0x00,0x00, 0x00,0x00,0x00,0x00, 0x00,0x00,0x00,0x00, 0x00,0x00,0x00,0x00,
  38           0x00,0x00,0x00,0x00, 0x00,0x00,0x00,0x00, 0x00,0x00,0x00,0x00, 0x00,0x00,0x00,0x00,
  39           0x43,0x45,0x34,0x33, 0x61,0x30,0x32,0x65, 0x00,0x00,0x00,0x00, 0x00,0x00,0x00,0x00,
  40           0x00,0x00,0x00,0x00, 0x00,0x00,0x00,0x00, 0x00,0x00,0x00,0x00, 0xff,0xff,0xff,0xff,
  41           0x00,0x00,0x40,0x00, 0x00,0x00,0x40,0x00, 0x00,0x00,0x40,0x00, 0x00,0x00,0x40,0x00,
  42           0x00,0x00,0x40,0x00, 0x00,0x00,0x00,0x00, 0x00,0x00,0x00,0x00, 0x00,0x00,0x00,0x00,
  43           0x0c,0x00,0x00,0x00, 0x00,0x00,0x00,0x00, 0x00,0x00,0x00,0x00, 0x00,0x00,0x00,0x00,
  44           0x0c,0x00,0x00,0x00, 0x00,0x00,0x80,0x00, 0x40,0x00,0x00,0x00, 0x00,0x00,0x18,0x00,
  45           0x00,0x00,0x08,0x88, 0x00,0x00,0x00,0x01, 0x00,0x00,0x00,0x01, 0x00,0x00,0x00,0x01,
  46           0x00,0x00,0x00,0x01, 0x00,0x00,0x00,0x01, 0xff,0xff,0xff,0xff, 0x00,0x00,0x00,0x00,
  47           0x00,0x00,0x00,0x00, 0x00,0x00,0x00,0x00, 0x00,0x00,0x00,0x00, 0x00,0x00,0x00,0x00,
  48           0x00,0x00,0x00,0x00, 0x00,0x00,0x00,0x00, 0x00,0x00,0x00,0x00, 0x00,0x00,0x00,0x00,
  49           0x00,0x00,0x00,0x00, 0x00,0x00,0x00,0x00, 0x00,0x00,0x00,0x00, 0x00,0x00,0x00,0x00,
  50           0x00,0x00,0x00,0x00, 0x00,0x00,0x00,0x00, 0x00,0x00,0x00,0x00, 0x00,0x00,0x00,0x00,
  51           0x00,0x00,0x00,0x00, 0x00,0x00,0x00,0x00, 0x00,0x00,0x00,0x00, 0x00,0x00,0x00,0x00,
  52           0x00,0x00,0x00,0x00, 0x00,0x00,0x00,0x00, 0x00,0x00,0x00,0x00, 0x00,0x00,0x00,0x00,
  53           0x00,0x00,0x00,0x00, 0x00,0x00,0x00,0x00, 0x00,0x00,0x00,0x00, 0x00,0x00,0x00,0x00,
  54           0x00,0x00,0x00,0x00, 0x00,0x00,0x00,0x00, 0x00,0x00,0x00,0x00, 0x00,0x00,0x00,0x00,
C51 COMPILER V9.53.0.0   CE43A02_DAT                                                       01/05/2018 11:11:16 PAGE 2   

  55           0x00,0x00,0x00,0x00, 0x00,0x00,0x00,0x00, 0x00,0x00,0x00,0x00, 0x00,0x00,0x00,0x00,
  56           0x00,0x00,0x00,0x00, 0x00,0x00,0x00,0x00, 0x00,0x00,0x00,0x00, 0x00,0x00,0x00,0x00,
  57           0x00,0x00,0x00,0x00, 0x00,0x00,0x00,0x00, 0x00,0x00,0x00,0x00, 0x00,0x00,0x00,0x00,
  58           0x00,0x00,0x00,0x00, 0x00,0x00,0x00,0x00, 0x00,0x00,0x00,0x00, 0x00,0x00,0x00,0x00,
  59           0x00,0x00,0x00,0x00, 0x00,0x00,0x00,0x00, 0x00,0x00,0x00,0x00, 0x00,0x00,0x00,0x00,
  60           0x00,0x00,0x00,0x00, 0x00,0x00,0x00,0x00, 0x00,0x00,0x00,0x00, 0x00,0x00,0x00,0x00,
  61           0x00,0x00,0x00,0x00, 0x00,0x00,0x00,0x00, 0x00,0x00,0x00,0x00, 0x00,0x00,0x00,0x00,
  62           0x00,0x00,0x00,0x00, 0x00,0x00,0x00,0x00, 0x00,0x00,0x00,0x00, 0x00,0x00,0x00,0x00,
  63           0x00,0x00,0x00,0x00, 0x00,0x00,0x00,0x00, 0x00,0x00,0x00,0x00, 0x00,0x00,0x00,0x00,
  64           0x00,0x00,0x00,0x00, 0x00,0x00,0x00,0x00, 0x00,0x00,0x00,0x00, 0x00,0x00,0x00,0x00,
  65           0x00,0x00,0x00,0x00, 0x00,0x00,0x00,0x00, 0x00,0x00,0x00,0x00, 0x00,0x00,0x00,0x00,
  66           0x00,0x00,0x00,0x00, 0x00,0x00,0x00,0x00, 0x00,0x00,0x00,0x00, 0x00,0x00,0x00,0x00,
  67           0x00,0x00,0x00,0x00, 0x00,0x00,0x00,0x00, 0x00,0x00,0x00,0x00, 0x00,0x00,0x00,0x00,
  68           0x00,0x00,0x00,0x00, 0x00,0x00,0x00,0x00, 0x00,0x00,0x00,0x00, 0x00,0x00,0x00,0x00,
  69           0x00,0x00,0x00,0x00, 0x00,0x00,0x00,0x00, 0x00,0x00,0x00,0x00, 0x00,0x00,0x00,0x00,
  70           0x00,0x00,0x00,0x00, 0x00,0x00,0x00,0x00, 0x00,0x00,0x00,0x00, 0x00,0x00,0x00,0x00,
  71           0x00,0x00,0x00,0x00, 0x00,0x00,0x00,0x00, 0x00,0x00,0x00,0x00, 0x00,0x00,0x00,0x00,
  72           0x00,0x00,0x00,0x00, 0x00,0x00,0x00,0x00, 0x00,0x00,0x00,0x00, 0x00,0x00,0x00,0x00,
  73           0x00,0x00,0x00,0x00, 0x00,0x00,0x00,0x00, 0x00,0x00,0x00,0x00, 0x00,0x00,0x00,0x00,
  74           0x00,0x00,0x00,0x00, 0x00,0x00,0x00,0x00, 0x00,0x00,0x00,0x00, 0x00,0x00,0x00,0x00,
  75           0x00,0x00,0x00,0x00, 0x00,0x00,0x00,0x00, 0x00,0x00,0x00,0x00, 0x00,0x00,0x00,0x00,
  76           0x00,0x00,0x00,0x00, 0x00,0x00,0x00,0x00, 0x00,0x00,0x00,0x00, 0x00,0x00,0x00,0x00,
  77           0x00,0x00,0x00,0x00, 0x00,0x00,0x00,0x00, 0x00,0x00,0x00,0x00, 0x00,0x00,0x00,0x00,
  78           0x00,0x00,0x00,0x00, 0x00,0x00,0x00,0x00, 0x00,0x00,0x00,0x00, 0x00,0x00,0x00,0x00,
  79           0x00,0x00,0x00,0x00, 0x00,0x00,0x00,0x00, 0x00,0x00,0x00,0x00, 0x00,0x00,0x00,0x00,
  80           0x00,0x00,0x00,0x00, 0x00,0x00,0x00,0x00, 0x00,0x00,0x00,0x00, 0x00,0x00,0x00,0x00,
  81           0x00,0x00,0x00,0x00, 0x00,0x00,0x00,0x00, 0x00,0x00,0x00,0x00, 0x00,0x00,0x00,0x00,
  82           0x00,0x00,0x00,0x00, 0x00,0x00,0x00,0x00, 0x00,0x00,0x00,0x00, 0x00,0x00,0x00,0x00,
  83           0x00,0x00,0x00,0x00, 0x00,0x00,0x00,0x00, 0x00,0x00,0x00,0x00, 0x00,0x00,0x00,0x00,
  84           0x00,0x00,0x00,0x00, 0x00,0x00,0x00,0x00, 0x00,0x00,0x00,0x00, 0x00,0x00,0x00,0x00,
  85           0x00,0x00,0x00,0x00, 0x00,0x00,0x00,0x00, 0x00,0x00,0x00,0x00, 0x00,0x00,0x00,0x00,
  86           0x00,0x00,0x00,0x00, 0x00,0x00,0x00,0x00, 0x00,0x00,0x00,0x00, 0x00,0x00,0x00,0x00,
  87           0x00,0x00,0x00,0x00, 0x00,0x00,0x00,0x00, 0x00,0x00,0x00,0x00, 0x00,0x00,0x00,0x00,
  88           0x00,0x00,0x00,0x00, 0x00,0x00,0x00,0x00, 0x00,0x00,0x00,0x00, 0x00,0x00,0x00,0x00,
  89           0xff,0xff,0xff,0xff, 0xff,0xff,0xff,0xff, 0xff,0xff,0xff,0xff, 0xff,0xff,0xff,0xff,
  90           0xff,0xff,0xff,0xff, 0xff,0xff,0xff,0xff, 0xff,0xff,0xff,0xff, 0xff,0xff,0xff,0xff,
  91           0xff,0xff,0xff,0xff, 0xff,0xff,0xff,0xff, 0xff,0xff,0xff,0xff, 0xff,0xff,0xff,0xff,
  92           0xff,0xff,0xff,0xff, 0xff,0xff,0xff,0xff, 0xff,0xff,0xff,0xff, 0xff,0xff,0xff,0xff,
  93           0xff,0xff,0xff,0xff, 0x00,0x00,0x00,0x00, 0x00,0x00,0x00,0x00, 0x00,0x00,0x00,0x00,
  94           0x00,0x00,0x00,0x00, 0x00,0x00,0x00,0x00, 0x00,0x00,0x00,0x00, 0x00,0x00,0x00,0x00,
  95           0x00,0x00,0x00,0x00, 0x00,0x00,0x00,0x00, 0x00,0x00,0x00,0x00, 0x00,0x00,0x00,0x00,
  96           0x00,0x00,0x00,0x00, 0x00,0x00,0x00,0x00, 0x00,0x00,0x00,0x00, 0x00,0x00,0x00,0x00,
  97           0x00,0x00,0x00,0x00, 0x00,0x00,0x00,0x00, 0x00,0x00,0x00,0x00, 0x00,0x00,0x00,0x00,
  98           0x00,0x00,0x00,0x00, 0x00,0x00,0x00,0x00, 0x00,0x00,0x00,0x00, 0x00,0x00,0x00,0x00,
  99           0x00,0x00,0x00,0x00, 0x00,0x00,0x00,0x00, 0x00,0x00,0x00,0x00, 0x00,0x00,0x00,0x00,
 100           0x00,0x00,0x00,0x00, 0x00,0x00,0x00,0x00, 0x00,0x00,0x00,0x00, 0x00,0x00,0x00,0x00,
 101           0x00,0x00,0x00,0x00, 0x00,0x00,0x00,0x00, 0x00,0x00,0x00,0x00, 0x00,0x00,0x00,0x00,
 102           0x00,0x00,0x00,0x00, 0x00,0x00,0x00,0x00, 0x00,0x00,0x00,0x00, 0x00,0x00,0x00,0x00,
 103           0x00,0x00,0x00,0x00, 0x00,0x00,0x00,0x00, 0x00,0x00,0x00,0x00, 0x00,0x00,0x00,0x00,
 104           0x00,0x00,0x00,0x00, 0x00,0x00,0x00,0x00, 0x00,0x00,0x00,0x00, 0x00,0x00,0x00,0x00,
 105           0x00,0x00,0x00,0x00, 0x00,0x00,0x00,0x00, 0x00,0x00,0x00,0x00, 0x00,0x00,0x00,0x00
 106          };
 107          /************************************************************************
 108           * Copyright (C) 2008 Maxim Integrated Products, Inc. All Rights        *
 109           * Reserved.  This program is fully protected by the United States      *
 110           * copyright laws and is the property of Maxim Integrated Products Inc. *
 111           ************************************************************************/


MODULE INFORMATION:   STATIC OVERLAYABLE
   CODE SIZE        =   ----    ----
   CONSTANT SIZE    =   1298    ----
C51 COMPILER V9.53.0.0   CE43A02_DAT                                                       01/05/2018 11:11:16 PAGE 3   

   XDATA SIZE       =   ----    ----
   PDATA SIZE       =   ----    ----
   DATA SIZE        =   ----    ----
   IDATA SIZE       =   ----    ----
   BIT SIZE         =   ----    ----
END OF MODULE INFORMATION.


C51 COMPILATION COMPLETE.  0 WARNING(S),  0 ERROR(S)
