C51 COMPILER V9.53.0.0   CE43A02_CE                                                        01/05/2018 11:11:16 PAGE 1   


C51 COMPILER V9.53.0.0, COMPILATION OF MODULE CE43A02_CE
OBJECT MODULE PLACED IN ce43a02_ce.obj
COMPILER INVOKED BY: C:\Keil_v5\C51\BIN\C51.EXE source\ce43a02_ce.c LARGE OPTIMIZE(9,SIZE) REGFILE(.\ce43_ex.abs.ORC) BR
                    -OWSE INCDIR(.\) DEBUG OBJECTEXTEND PRINT(.\ce43a02_ce.lst) TABS(2) OBJECT(ce43a02_ce.obj)

line level    source

   1          /****************************************************************************
   2           * This code and information is provided "as is" without warranty of any    *
   3           * kind, either expressed or implied, including but not limited to the      *
   4           * implied warranties of merchantability and/or fitness for a particular    *
   5           * purpose.                                                                 *
   6           *                                                                          *
   7           * Copyright (C) 2008 Maxim Integrated Products Inc.  All Rights Reserved   *
   8           *                                                                          *
   9           ****************************************************************************/
  10          //**************************************************************************
  11          //                                                                          
  12          //  DESCRIPTION: 71M6540 POWER METER - CE Code Image File (8051 C format)           
  13          //                                                                          
  14          //  AUTHOR:  BJW                                                            
  15          //                                                                          
  16          //  HISTORY: May 24 2010
  17          //                                                                          
  18          //**************************************************************************
  19          //                                                                          
  20          // File: ce43a02_ce.c
  21          //                                                                          
  22          // CE Program Image File (8051 C format)
  23          const short code NumCeCode=1286;  // The number of words in the 'CeCode' array.
  24          const unsigned char code CeCode[]={
  25           0x20,0xfb, 0x74,0x48, 0xec,0xff, 0x8c,0x48, 0xf1,0xf1, 0x20,0x1e, 0xf1,0xf0, 0x74,0x4c,
  26           0xed,0xff, 0x8c,0x4c, 0x20,0xfb, 0x74,0x48, 0xec,0xff, 0x8c,0x48, 0xf1,0xf1, 0x20,0x1e,
  27           0xf1,0xf0, 0x74,0x4c, 0xed,0xff, 0x8c,0x4c, 0x20,0xfb, 0x74,0x48, 0xec,0xff, 0x8c,0x48,
  28           0xf1,0xf1, 0x20,0x1e, 0xf1,0xf0, 0x74,0x4c, 0xed,0xff, 0x8c,0x4c, 0x20,0xfb, 0x74,0x48,
  29           0xec,0xff, 0x8c,0x48, 0xf1,0xf1, 0x20,0x1e, 0xf1,0xf0, 0x74,0x4c, 0xed,0xff, 0x8c,0x4c,
  30           0x20,0xfb, 0x74,0x48, 0xec,0xff, 0x8c,0x48, 0xf1,0xf1, 0x20,0x1e, 0xf1,0xf0, 0x74,0x4c,
  31           0xed,0xff, 0x8c,0x4c, 0x20,0xfb, 0x74,0x48, 0xec,0xff, 0x8c,0x48, 0xf1,0xf1, 0x20,0x1e,
  32           0xf1,0xf0, 0x74,0x4c, 0xed,0xff, 0x8c,0x4c, 0x20,0x1d, 0x8f,0x6f, 0x20,0x1f, 0x8f,0x70,
  33           0x20,0x33, 0x8f,0x71, 0x20,0x57, 0x8f,0x72, 0x20,0x58, 0x8f,0x73, 0x20,0x1e, 0x8f,0x74,
  34           0x20,0x32, 0x8f,0x75, 0x20,0x34, 0x8f,0x76, 0x20,0x51, 0x8f,0x53, 0x20,0x52, 0x8f,0x54,
  35           0x20,0xfc, 0x8f,0xfd, 0xf0,0xfb, 0x20,0x48, 0x85,0x47, 0x30,0x48, 0x1f,0x4d, 0x86,0x47,
  36           0xf0,0x48, 0x2f,0x4d, 0x85,0x51, 0xb6,0x51, 0x20,0x51, 0xd0,0x53, 0x2f,0x4d, 0x00,0x46,
  37           0x80,0x46, 0xf1,0xf1, 0xf0,0x1e, 0xf1,0xf0, 0x20,0x4c, 0x85,0x4b, 0x30,0x4c, 0x1f,0x4d,
  38           0x86,0x4b, 0xf0,0x4c, 0x2f,0x4d, 0x85,0x52, 0xb6,0x52, 0x20,0x52, 0xd0,0x54, 0x2f,0x4d,
  39           0x00,0x4a, 0x80,0x4a, 0x20,0xbb, 0x0f,0x4d, 0x87,0xbb, 0x20,0xbb, 0x84,0x83, 0xb4,0xbb,
  40           0x28,0x20, 0xaf,0x38, 0x26,0x38, 0x1f,0x4d, 0x8f,0x38, 0xdf,0x22, 0xf0,0x38, 0x20,0x32,
  41           0x8f,0x38, 0x20,0x34, 0x80,0x38, 0x20,0x1e, 0x86,0x38, 0x20,0xba, 0xd0,0x4e, 0xf0,0x38,
  42           0x2b,0x4e, 0x8f,0x38, 0x30,0x38, 0x81,0x38, 0x30,0x38, 0x86,0x38, 0x20,0x38, 0x00,0xbf,
  43           0x87,0xc0, 0x8f,0xbf, 0xb7,0xbf, 0x20,0xc0, 0x00,0xc1, 0x8f,0x38, 0x87,0xc1, 0xf0,0xc1,
  44           0x22,0x4e, 0xd0,0xc1, 0x8f,0x39, 0x30,0x39, 0x86,0x39, 0x20,0x39, 0x81,0xc1, 0x24,0x38,
  45           0x8f,0x39, 0x20,0xc2, 0x07,0x39, 0x17,0xc2, 0x8f,0xc2, 0x03,0x4e, 0x15,0x4e, 0x07,0x4e,
  46           0x1a,0x4e, 0x0d,0x4e, 0x8f,0xbd, 0x00,0xbe, 0x8f,0x38, 0x21,0x38, 0x84,0x82, 0x20,0xbd,
  47           0x84,0xbe, 0x00,0xc0, 0x74,0xba, 0x88,0xba, 0x22,0x20, 0x8f,0x38, 0xf0,0x38, 0x20,0x02,
  48           0x8f,0x39, 0x78,0x39, 0x78,0x39, 0x78,0x39, 0x8f,0x39, 0x78,0x39, 0x8f,0x39, 0xc0,0x10,
  49           0x40,0x39, 0x8f,0x38, 0xc0,0x41, 0x40,0x38, 0x8f,0x38, 0x26,0x38, 0x00,0x77, 0x19,0x77,
  50           0x8f,0x77, 0xc0,0x12, 0x40,0x77, 0x00,0x38, 0x8f,0x1d, 0x29,0x08, 0x12,0x61, 0x8f,0x38,
  51           0x63,0x38, 0x8f,0x38, 0x63,0x38, 0x8f,0x3a, 0x2e,0x1e, 0x00,0x62, 0x8f,0x62, 0x8b,0x61,
  52           0x20,0xe5, 0x8f,0x38, 0x20,0xe4, 0x8f,0xe5, 0x20,0xa3, 0x8f,0xe4, 0x20,0xa2, 0x8f,0xa3,
  53           0x20,0x9f, 0x8f,0x39, 0xc0,0x11, 0x40,0x3a, 0x8f,0x3a, 0xc0,0x40, 0x40,0x3a, 0x8f,0x9f,
  54           0x20,0x9f, 0x10,0xa3, 0x8f,0x3a, 0x20,0x3a, 0x13,0x3a, 0x06,0x3a, 0x19,0x3a, 0x00,0x39,
C51 COMPILER V9.53.0.0   CE43A02_CE                                                        01/05/2018 11:11:16 PAGE 2   

  55           0x8f,0xa2, 0x35,0xa2, 0x17,0xa2, 0x00,0xa3, 0x05,0xe4, 0x06,0xe4, 0x18,0xe4, 0x09,0xe5,
  56           0x18,0x38, 0x8f,0x38, 0x20,0x38, 0x19,0x38, 0x1b,0x38, 0x8f,0x1e, 0x22,0x20, 0x8f,0x38,
  57           0xf0,0x38, 0x20,0x04, 0x8f,0x38, 0x79,0x38, 0x79,0x38, 0x79,0x38, 0x8f,0x38, 0x79,0x38,
  58           0x8f,0x38, 0xc0,0x13, 0x40,0x38, 0x8f,0x38, 0xc0,0x42, 0x40,0x38, 0x8f,0x38, 0x26,0x38,
  59           0x00,0x78, 0x19,0x78, 0x8f,0x78, 0xc0,0x15, 0x40,0x78, 0x00,0x38, 0x8f,0x1f, 0x20,0xeb,
  60           0x8f,0x38, 0x20,0xea, 0x8f,0xeb, 0x20,0xa9, 0x8f,0xea, 0x20,0xa8, 0x8f,0xa9, 0x20,0x1f,
  61           0x10,0xa9, 0x8f,0x39, 0x20,0x39, 0x12,0x39, 0x05,0x39, 0x19,0x39, 0x00,0x70, 0x8f,0xa8,
  62           0x20,0xa9, 0x14,0xa8, 0x17,0xa8, 0x1a,0xa8, 0x0c,0xa8, 0x04,0xea, 0x06,0xea, 0x09,0xea,
  63           0x07,0xeb, 0x17,0x38, 0x8f,0x38, 0x17,0x38, 0x19,0x38, 0x8f,0xaa, 0x89,0x38, 0x20,0x6f,
  64           0x10,0x38, 0x14,0x6d, 0x8f,0x57, 0xf0,0x6e, 0x2f,0x4d, 0xd0,0x6e, 0x24,0x57, 0x78,0x6c,
  65           0x8e,0x6c, 0x24,0x57, 0x7c,0x60, 0x80,0x60, 0x8b,0x5f, 0x20,0x6c, 0x8b,0x6b, 0x20,0x60,
  66           0x8b,0x5f, 0x20,0x5f, 0x6c,0x6b, 0x8f,0x6d, 0x20,0x6e, 0x0f,0x4d, 0x8f,0x38, 0x21,0x38,
  67           0xaf,0x6e, 0x20,0x6e, 0x0f,0x4d, 0x8f,0x38, 0x21,0x38, 0xa4,0x6e, 0x29,0x09, 0x12,0x65,
  68           0x8f,0x38, 0x63,0x38, 0x8f,0x38, 0x63,0x38, 0x8f,0x3a, 0x2e,0x32, 0x00,0x66, 0x8f,0x66,
  69           0x8b,0x65, 0x20,0xe7, 0x8f,0x38, 0x20,0xe6, 0x8f,0xe7, 0x20,0xa5, 0x8f,0xe6, 0x20,0xa4,
  70           0x8f,0xa5, 0x20,0xa0, 0x8f,0x39, 0xc0,0x14, 0x40,0x3a, 0x8f,0x3a, 0xc0,0x40, 0x40,0x3a,
  71           0x8f,0xa0, 0x20,0xa0, 0x10,0xa5, 0x8f,0x3a, 0x20,0x3a, 0x13,0x3a, 0x06,0x3a, 0x19,0x3a,
  72           0x00,0x39, 0x8f,0xa4, 0x35,0xa4, 0x17,0xa4, 0x00,0xa5, 0x05,0xe6, 0x06,0xe6, 0x18,0xe6,
  73           0x09,0xe7, 0x18,0x38, 0x8f,0x38, 0x20,0x38, 0x19,0x38, 0x1b,0x38, 0x8f,0x32, 0x22,0x20,
  74           0x8f,0x38, 0xf0,0x38, 0x20,0x06, 0x8f,0x38, 0x7a,0x38, 0x7a,0x38, 0x7a,0x38, 0x8f,0x38,
  75           0x7a,0x38, 0x8f,0x38, 0xc0,0x16, 0x40,0x38, 0x8f,0x38, 0xc0,0x43, 0x40,0x38, 0x8f,0x38,
  76           0x26,0x38, 0x00,0x79, 0x19,0x79, 0x8f,0x79, 0xc0,0x18, 0x40,0x79, 0x00,0x38, 0x14,0x67,
  77           0x8f,0x33, 0x24,0x33, 0x00,0x68, 0x8f,0x68, 0x8b,0x67, 0x20,0xed, 0x8f,0x38, 0x20,0xec,
  78           0x8f,0xed, 0x20,0xac, 0x8f,0xec, 0x20,0xab, 0x8f,0xac, 0x20,0x33, 0x10,0xac, 0x8f,0x39,
  79           0x20,0x39, 0x12,0x39, 0x05,0x39, 0x19,0x39, 0x00,0x71, 0x8f,0xab, 0x20,0xac, 0x14,0xab,
  80           0x17,0xab, 0x1a,0xab, 0x0c,0xab, 0x04,0xec, 0x06,0xec, 0x09,0xec, 0x07,0xed, 0x17,0x38,
  81           0x8f,0x38, 0x17,0x38, 0x19,0x38, 0x8f,0xad, 0x10,0x70, 0x10,0x70, 0x8a,0x38, 0x20,0x38,
  82           0x00,0x70, 0x14,0x63, 0x8f,0x58, 0x24,0x58, 0x00,0x64, 0x8f,0x64, 0x8b,0x63, 0x29,0x0a,
  83           0x12,0x69, 0x8f,0x38, 0x63,0x38, 0x8f,0x38, 0x63,0x38, 0x8f,0x3a, 0x2e,0x34, 0x00,0x6a,
  84           0x8f,0x6a, 0x8b,0x69, 0x20,0xe9, 0x8f,0x38, 0x20,0xe8, 0x8f,0xe9, 0x20,0xa7, 0x8f,0xe8,
  85           0x20,0xa6, 0x8f,0xa7, 0x20,0xa1, 0x8f,0x39, 0xc0,0x17, 0x40,0x3a, 0x8f,0x3a, 0xc0,0x42,
  86           0x40,0x3a, 0x8f,0xa1, 0x20,0xa1, 0x10,0xa7, 0x8f,0x3a, 0x20,0x3a, 0x13,0x3a, 0x06,0x3a,
  87           0x19,0x3a, 0x00,0x39, 0x8f,0xa6, 0x35,0xa6, 0x17,0xa6, 0x00,0xa7, 0x05,0xe8, 0x06,0xe8,
  88           0x18,0xe8, 0x09,0xe9, 0x18,0x38, 0x8f,0x38, 0x20,0x38, 0x19,0x38, 0x1b,0x38, 0x8f,0x34,
  89           0x20,0x00, 0x8f,0x38, 0xc0,0x19, 0x40,0x38, 0x8f,0x38, 0xc0,0x44, 0x40,0x38, 0x8f,0xee,
  90           0x14,0xef, 0x8f,0xee, 0x24,0xee, 0x00,0xf0, 0x8f,0xf0, 0x8b,0xef, 0x22,0x1e, 0x10,0xae,
  91           0x10,0xae, 0x00,0xaf, 0x00,0xaf, 0x8f,0x38, 0x10,0xaf, 0x8f,0xaf, 0xc0,0x22, 0x4d,0x82,
  92           0x8f,0x39, 0xc0,0x39, 0x40,0x38, 0x8f,0xb7, 0x2e,0xb7, 0x00,0xb0, 0x8f,0xb0, 0x8b,0xae,
  93           0xbb,0xb0, 0x22,0x32, 0x10,0xb1, 0x10,0xb1, 0x00,0xb2, 0x00,0xb2, 0x8f,0x38, 0x10,0xb2,
  94           0x8f,0xb2, 0xc0,0x22, 0x4d,0x82, 0x8f,0x39, 0xc0,0x39, 0x40,0x38, 0x8f,0xb8, 0x2e,0xb8,
  95           0x00,0xb3, 0x8f,0xb3, 0x8b,0xb1, 0xbb,0xb3, 0x22,0x34, 0x10,0xb4, 0x10,0xb4, 0x00,0xb5,
  96           0x00,0xb5, 0x8f,0x38, 0x10,0xb5, 0x8f,0xb5, 0xc0,0x22, 0x4d,0x82, 0x8f,0x39, 0xc0,0x39,
  97           0x40,0x38, 0x8f,0xb9, 0x2e,0xb9, 0x00,0xb6, 0x8f,0xb6, 0x8b,0xb4, 0xbb,0xb6, 0xce,0x1e,
  98           0x44,0x57, 0x00,0x35, 0x17,0x35, 0x8f,0x35, 0xce,0x32, 0x44,0x58, 0x00,0x36, 0x17,0x36,
  99           0x8f,0x36, 0xce,0x34, 0x44,0x71, 0x00,0x37, 0x17,0x37, 0x8f,0x37, 0xce,0xb7, 0x44,0x57,
 100           0x00,0x3c, 0x17,0x3c, 0x8f,0x3c, 0xce,0xb8, 0x44,0x58, 0x00,0x3d, 0x17,0x3d, 0x8f,0x3d,
 101           0xce,0xb9, 0x44,0x71, 0x00,0x3e, 0x17,0x3e, 0x8f,0x3e, 0x2f,0x57, 0xaf,0x38, 0x20,0x57,
 102           0x10,0x38, 0x8f,0x39, 0xcf,0x39, 0x40,0x39, 0x8f,0x3a, 0x20,0x39, 0x01,0x38, 0x8f,0x39,
 103           0xc0,0x38, 0x40,0x39, 0x00,0x9c, 0x00,0x26, 0x8f,0x38, 0x2e,0x38, 0xaf,0x9c, 0x00,0x3a,
 104           0x10,0xc3, 0x00,0x7f, 0x8f,0x38, 0x27,0x38, 0xaf,0x7f, 0x00,0xc3, 0x8f,0xc3, 0x2f,0x58,
 105           0xaf,0x38, 0x20,0x58, 0x10,0x38, 0x8f,0x39, 0xcf,0x39, 0x40,0x39, 0x8f,0x3a, 0x20,0x39,
 106           0x01,0x38, 0x8f,0x39, 0xc0,0x38, 0x40,0x39, 0x00,0x9d, 0x00,0x2a, 0x8f,0x38, 0x2e,0x38,
 107           0xaf,0x9d, 0x00,0x3a, 0x10,0xc4, 0x00,0x9b, 0x8f,0x38, 0x27,0x38, 0xaf,0x9b, 0x00,0xc4,
 108           0x8f,0xc4, 0x2f,0x33, 0xaf,0x38, 0x20,0x33, 0x10,0x38, 0x8f,0x39, 0xcf,0x39, 0x40,0x39,
 109           0x8f,0x3a, 0x20,0x39, 0x01,0x38, 0x8f,0x39, 0xc0,0x38, 0x40,0x39, 0x00,0x9e, 0x00,0x2e,
 110           0x8f,0x38, 0x2e,0x38, 0xaf,0x9e, 0x00,0x3a, 0x10,0xc5, 0x00,0x9a, 0x8f,0x38, 0x27,0x38,
 111           0xaf,0x9a, 0x00,0xc5, 0x8f,0xc5, 0x2f,0xee, 0xaf,0x38, 0x20,0xee, 0x10,0x38, 0x8f,0x39,
 112           0xcf,0x39, 0x40,0x39, 0x8f,0x3a, 0x20,0x39, 0x01,0x38, 0x8f,0x39, 0xc0,0x38, 0x40,0x39,
 113           0x00,0xf1, 0x00,0x31, 0x8f,0x38, 0x2e,0x38, 0xaf,0xf1, 0x00,0x3a, 0x10,0xf3, 0x00,0xf2,
 114           0x8f,0x38, 0x27,0x38, 0xaf,0xf2, 0x00,0xf3, 0x8f,0xf3, 0xce,0x1e, 0x43,0x1e, 0x00,0xc6,
 115           0x17,0xc6, 0x8f,0xc6, 0xce,0x32, 0x43,0x32, 0x00,0xc7, 0x17,0xc7, 0x8f,0xc7, 0xce,0x34,
 116           0x43,0x34, 0x00,0xc8, 0x17,0xc8, 0x8f,0xc8, 0x20,0xc3, 0x00,0xc9, 0x8f,0x38, 0x2a,0x38,
C51 COMPILER V9.53.0.0   CE43A02_CE                                                        01/05/2018 11:11:16 PAGE 3   

 117           0xaf,0xc9, 0x00,0xcf, 0x8f,0xcf, 0x84,0x8c, 0xb4,0xcf, 0x20,0xc9, 0x84,0x96, 0x20,0xc4,
 118           0x00,0xca, 0x8f,0x38, 0x2a,0x38, 0xaf,0xca, 0x00,0xd0, 0x8f,0xd0, 0x84,0x8d, 0xb4,0xd0,
 119           0x20,0xca, 0x84,0x97, 0x20,0xc5, 0x00,0xcb, 0x8f,0x38, 0x2a,0x38, 0xaf,0xcb, 0x00,0xd1,
 120           0x8f,0xd1, 0x84,0x8e, 0xb4,0xd1, 0x20,0xcb, 0x84,0x98, 0x20,0xf3, 0x00,0xf4, 0x8f,0x38,
 121           0x2a,0x38, 0xaf,0xf4, 0x00,0xf5, 0x8f,0xf5, 0x84,0x8f, 0xb4,0xf5, 0x20,0xf4, 0x84,0x99,
 122           0x20,0xc6, 0x00,0xcc, 0x8f,0x38, 0x2d,0x38, 0xaf,0xcc, 0x00,0xd2, 0x8f,0xd2, 0x84,0x90,
 123           0xb4,0xd2, 0x20,0xc7, 0x00,0xcd, 0x8f,0x38, 0x2d,0x38, 0xaf,0xcd, 0x00,0xd3, 0x8f,0xd3,
 124           0x84,0x91, 0xb4,0xd3, 0x20,0xc8, 0x00,0xce, 0x8f,0x38, 0x2d,0x38, 0xaf,0xce, 0x00,0xd4,
 125           0x8f,0xd4, 0x84,0x92, 0xb4,0xd4, 0x60,0x35, 0x70,0x27, 0x00,0x7a, 0x8f,0x38, 0x2d,0x38,
 126           0xaf,0x7a, 0x00,0x59, 0x8f,0x59, 0x84,0x85, 0xb4,0x59, 0x60,0x3c, 0x70,0x28, 0x00,0x7d,
 127           0x8f,0x38, 0x2d,0x38, 0xaf,0x7d, 0x00,0x5c, 0x8f,0x5c, 0x84,0x89, 0xb4,0x5c, 0x61,0x36,
 128           0x71,0x2b, 0x00,0x7b, 0x8f,0x38, 0x2d,0x38, 0xaf,0x7b, 0x00,0x5a, 0x8f,0x5a, 0x84,0x86,
 129           0xb4,0x5a, 0x61,0x3d, 0x71,0x2c, 0x00,0x7e, 0x8f,0x38, 0x2d,0x38, 0xaf,0x7e, 0x00,0x5d,
 130           0x8f,0x5d, 0x84,0x8a, 0xb4,0x5d, 0x62,0x37, 0x72,0x2f, 0x00,0x7c, 0x8f,0x38, 0x2d,0x38,
 131           0xaf,0x7c, 0x00,0x5b, 0x8f,0x5b, 0x84,0x87, 0xb4,0x5b, 0x62,0x3e, 0x72,0x30, 0x00,0xbc,
 132           0x8f,0x38, 0x2d,0x38, 0xaf,0xbc, 0x00,0x5e, 0x8f,0x5e, 0x84,0x8b, 0xb4,0x5e, 0x20,0x85,
 133           0x00,0x86, 0x00,0x87, 0x84,0x84, 0x20,0x89, 0x00,0x8a, 0x00,0x8b, 0x84,0x88, 0x20,0x84,
 134           0x8f,0x38, 0x25,0x20, 0x8f,0x39, 0xf0,0x39, 0x20,0x38, 0x68,0x45, 0x8f,0xff, 0xf1,0xf1,
 135           0x84,0x1a, 0xf1,0xf0, 0xf0,0x20, 0xf1,0xf1, 0x20,0x1a, 0xf1,0xf0, 0x8f,0xfb, 0xf1,0xf1,
 136           0x00,0x1b, 0x8f,0x11, 0x26,0x11, 0xaf,0x1b, 0xf1,0xf0, 0x20,0xfb, 0xf1,0xf1, 0x68,0x1b,
 137           0xf1,0xf0, 0xc0,0x21, 0x40,0xfb, 0x8f,0xfb, 0xf0,0x20, 0x20,0xfb, 0x79,0xfb, 0x8f,0x38,
 138           0x79,0x38, 0x8f,0x38, 0x79,0x38, 0x8f,0x38, 0x79,0x38, 0x8f,0xfb, 0x20,0x88, 0x8f,0x38,
 139           0x25,0x20, 0x8f,0x39, 0xf0,0x39, 0x20,0x38, 0x68,0x49, 0xf1,0xf1, 0x84,0x1c, 0xf1,0xf0,
 140           0x31,0x20, 0x11,0x20, 0x00,0x20, 0xdf,0x22, 0xf0,0x20, 0xf1,0xf1, 0x20,0x1c, 0x8f,0x1e,
 141           0x00,0x1d, 0x8f,0x11, 0x26,0x11, 0xaf,0x1d, 0x20,0x1e, 0x68,0x1d, 0xf1,0xf0, 0xc0,0x21,
 142           0xf1,0xf1, 0x40,0x1e, 0x8f,0x1e, 0xf1,0xf0, 0xf0,0x20, 0xf1,0xf1, 0x20,0x1e, 0x79,0x1e,
 143           0xf1,0xf0, 0x8f,0x38, 0x79,0x38, 0x8f,0x38, 0x79,0x38, 0x8f,0x38, 0x79,0x38, 0xf1,0xf1,
 144           0x8f,0x1e, 0xf1,0xf0, 0xc0,0x1a, 0xf1,0xf3, 0x4d,0x01, 0xf1,0xf0, 0x8f,0xfe, 0x28,0xfe,
 145           0x8f,0x81, 0x20,0xfe, 0xc0,0x1b, 0x40,0xfe, 0x8f,0xf6, 0xc3,0xfe, 0x40,0xfe, 0x8f,0x38,
 146           0xc0,0x1c, 0x40,0x38, 0x8f,0xf7, 0x2f,0x20, 0x8f,0x38, 0x27,0x38, 0x8f,0x38, 0xf0,0x38,
 147           0x28,0xf6, 0x08,0xf7, 0x01,0x4d, 0x0f,0x4d, 0x8f,0x39, 0x20,0x40, 0x6c,0x39, 0x8f,0x40,
 148           0x20,0x41, 0x6c,0x39, 0x8f,0x41, 0x20,0x42, 0x6c,0x39, 0x8f,0x42, 0x20,0x43, 0x6c,0x39,
 149           0x8f,0x43, 0x20,0x44, 0x6c,0x39, 0x8f,0x44, 0x20,0x1e, 0x8f,0xdc, 0x20,0xb7, 0x8f,0xdd,
 150           0x20,0x32, 0x8f,0xde, 0x20,0x34, 0x8f,0xdf, 0x27,0x20, 0x8f,0x39, 0x22,0x39, 0xaf,0x38,
 151           0x20,0x38, 0xdf,0x4d, 0x20,0x32, 0x8e,0xdc, 0x20,0xb8, 0x8e,0xdd, 0x20,0x34, 0x8e,0xde,
 152           0x20,0x1e, 0x8e,0xdf, 0x20,0x38, 0xde,0x4d, 0x20,0x34, 0x8e,0xdc, 0x20,0xb9, 0x8e,0xdd,
 153           0x20,0x1e, 0x8e,0xde, 0x20,0x32, 0x8e,0xdf, 0x2f,0xde, 0x8f,0x39, 0x2f,0xdf, 0x8f,0x38,
 154           0xf0,0xdc, 0x3f,0x39, 0x00,0xd5, 0x85,0xd5, 0x3f,0x38, 0x00,0xd7, 0x85,0xd7, 0xf0,0xdd,
 155           0x3f,0x39, 0x00,0xd6, 0x85,0xd6, 0x3f,0x38, 0x00,0xd8, 0x85,0xd8, 0x20,0xd6, 0xd2,0x23,
 156           0x20,0xd5, 0x81,0x38, 0x20,0x23, 0x10,0xd5, 0x80,0x38, 0xc0,0x4f, 0x40,0x50, 0x8f,0x3a,
 157           0x20,0x38, 0x84,0xe2, 0x20,0xe2, 0x11,0x50, 0xd0,0x3a, 0x21,0x50, 0x80,0xe0, 0x20,0xe2,
 158           0x11,0x50, 0xd3,0x50, 0x20,0x50, 0x81,0xe0, 0x20,0xe2, 0x8f,0x38, 0xd0,0xe0, 0x10,0x50,
 159           0x80,0x38, 0x20,0xda, 0x00,0x38, 0x8f,0x38, 0xf0,0x38, 0xc0,0x50, 0x42,0x4e, 0x8f,0x39,
 160           0xc0,0x55, 0x40,0x39, 0x8f,0x39, 0x00,0x38, 0x86,0x38, 0x20,0x38, 0x84,0xda, 0xb4,0xd5,
 161           0xb4,0xd6, 0x20,0xd8, 0xd2,0x23, 0x20,0xd7, 0x81,0x38, 0x20,0x23, 0x10,0xd7, 0x80,0x38,
 162           0x20,0x38, 0x84,0xe3, 0x20,0xe3, 0x11,0x50, 0xd0,0x3a, 0x21,0x50, 0x80,0xe1, 0x20,0xe3,
 163           0x11,0x50, 0xd3,0x50, 0x20,0x50, 0x81,0xe1, 0x20,0xe3, 0xd0,0xe1, 0x10,0x50, 0x80,0x38,
 164           0x20,0xdb, 0x00,0x38, 0x8f,0x38, 0xf0,0x38, 0x00,0x39, 0x86,0x38, 0x20,0x38, 0x84,0xdb,
 165           0xb4,0xd7, 0xb4,0xd8, 0x2f,0x4d, 0x00,0xd9, 0x84,0xd9, 0xd0,0x55, 0xb0,0xd9, 0x20,0xda,
 166           0x80,0x94, 0xb0,0xda, 0x20,0xdb, 0x80,0x95, 0xb0,0xdb, 0x20,0x56, 0x0f,0x4d, 0x8f,0x56,
 167           0x84,0x50, 0xb4,0x56, 0x20,0x50, 0x8f,0x23, 0x30,0x4d, 0x8f,0x38, 0xf0,0xba, 0x2f,0x4d,
 168           0x8f,0xfc, 0xb5,0xfc, 0x20,0xfc, 0xd0,0xfd, 0xbf,0x3b, 0x30,0x4d, 0x8e,0x3b, 0x2f,0x20,
 169           0x8f,0x3a, 0x26,0x3a, 0x8f,0x3a, 0xf0,0x3a, 0x20,0x38, 0x68,0x3b, 0x8f,0x38, 0x20,0x38,
 170           0xee,0xff, 0x8c,0x38, 0x20,0x38, 0x20,0x38, 0x20,0x38, 0x20,0x38, 0x20,0x38, 0x30,0x4d,
 171           0x8f,0x38, 0x20,0x38, 0xee,0xff, 0x8c,0x38, 0x20,0x80, 0xf1,0xf1, 0x8f,0x12, 0x23,0x12,
 172           0xaf,0x12, 0x20,0x12, 0x8f,0x12, 0xf1,0xf0, 0x26,0x20, 0x8f,0x3a, 0xf0,0x3a, 0x2f,0x4d,
 173           0x8f,0x39, 0x78,0x39, 0x79,0x39, 0x79,0x39, 0x79,0x39, 0x8f,0x39, 0xf1,0xf1, 0x8f,0x17,
 174           0x22,0x12, 0xaf,0x16, 0x02,0x17, 0xaf,0x19, 0x8f,0x12, 0x21,0x16, 0xaf,0x15, 0x01,0x19,
 175           0xaf,0x18, 0x8f,0x13, 0x20,0x15, 0x00,0x18, 0x8f,0x14, 0x21,0x12, 0x8f,0x12, 0x21,0x13,
 176           0x8f,0x13, 0x21,0x14, 0x8f,0x14, 0x20,0x12, 0x00,0x12, 0x00,0x12, 0x00,0x12, 0x00,0x13,
 177           0x00,0x13, 0x00,0x14, 0xd0,0x17, 0xf1,0xf0, 0x30,0x4d, 0x8f,0x38, 0x8f,0x39, 0xbe,0x39,
 178           0xf1,0xf1, 0x20,0x17, 0xf1,0xf0, 0xdf,0x22, 0x30,0x4d, 0x8e,0x39, 0x2f,0x20, 0x8f,0x3a,
C51 COMPILER V9.53.0.0   CE43A02_CE                                                        01/05/2018 11:11:16 PAGE 4   

 179           0x25,0x3a, 0x8f,0x3a, 0xf0,0x3a, 0x20,0x38, 0x68,0x39, 0x8f,0x38, 0x20,0x38, 0xef,0xff,
 180           0x8c,0x38, 0xbf,0x3a, 0x28,0x20, 0x8f,0x38, 0x2c,0x38, 0xaf,0x38, 0x20,0xf8, 0x0f,0x4d,
 181           0x8f,0xf8, 0x20,0x1e, 0xd0,0x24, 0xb0,0xf8, 0x20,0xf8, 0xd0,0x38, 0x20,0x3a, 0x0f,0x4d,
 182           0x80,0x3a, 0x20,0xf9, 0x0f,0x4d, 0x8f,0xf9, 0x20,0x32, 0xd0,0x24, 0xb0,0xf9, 0x20,0xf9,
 183           0xd0,0x38, 0x20,0x3a, 0x0e,0x4d, 0x80,0x3a, 0x20,0xfa, 0x0f,0x4d, 0x8f,0xfa, 0x20,0x34,
 184           0xd0,0x24, 0xb0,0xfa, 0x20,0xfa, 0xd0,0x38, 0x20,0x3a, 0x0d,0x4d, 0x80,0x3a, 0xf0,0xba,
 185           0x2c,0x4d, 0x00,0x3a, 0x85,0x3a, 0x20,0x3a, 0x8f,0x80, 0xff,0xff,
 186          };
 187          /************************************************************************
 188           * Copyright (C) 2008 Maxim Integrated Products, Inc. All Rights        *
 189           * Reserved.  This program is fully protected by the United States      *
 190           * copyright laws and is the property of Maxim Integrated Products Inc. *
 191           ************************************************************************/


MODULE INFORMATION:   STATIC OVERLAYABLE
   CODE SIZE        =   ----    ----
   CONSTANT SIZE    =   2574    ----
   XDATA SIZE       =   ----    ----
   PDATA SIZE       =   ----    ----
   DATA SIZE        =   ----    ----
   IDATA SIZE       =   ----    ----
   BIT SIZE         =   ----    ----
END OF MODULE INFORMATION.


C51 COMPILATION COMPLETE.  0 WARNING(S),  0 ERROR(S)
